0 info it worked if it ends with ok
1 verbose cli [ '/usr/bin/node', '/usr/bin/npm', 'run', 'dev' ]
2 info using npm@3.5.2
3 info using node@v8.10.0
4 verbose run-script [ 'predev', 'dev', 'postdev' ]
5 info lifecycle myapp@1.0.0~predev: myapp@1.0.0
6 silly lifecycle myapp@1.0.0~predev: no script for predev, continuing
7 info lifecycle myapp@1.0.0~dev: myapp@1.0.0
8 verbose lifecycle myapp@1.0.0~dev: unsafe-perm in lifecycle true
9 verbose lifecycle myapp@1.0.0~dev: PATH: /usr/share/npm/bin/node-gyp-bin:/home/sakti/Coding/back-end/node_modules/.bin:/home/sakti/.local/bin:/usr/local/sbin:/usr/local/bin:/usr/sbin:/usr/bin:/sbin:/bin:/usr/games:/usr/local/games
10 verbose lifecycle myapp@1.0.0~dev: CWD: /home/sakti/Coding/back-end
11 silly lifecycle myapp@1.0.0~dev: Args: [ '-c', 'nodemon server/index.ts | pino-pretty' ]
12 silly lifecycle myapp@1.0.0~dev: Returned: code: 0  signal: null
13 verbose stack Error: write EIO
13 verbose stack     at _errnoException (util.js:1022:11)
13 verbose stack     at WriteWrap.afterWrite [as oncomplete] (net.js:880:14)
14 verbose cwd /home/sakti/Coding/back-end
15 error Linux 5.3.0-40-generic
16 error argv "/usr/bin/node" "/usr/bin/npm" "run" "dev"
17 error node v8.10.0
18 error npm  v3.5.2
19 error code EIO
20 error errno EIO
21 error syscall write
22 error write EIO
23 error If you need help, you may report this error at:
23 error     <https://github.com/npm/npm/issues>
24 verbose exit [ 1, true ]
